Ex1 (OOP) Simulator log: stage tester/B5.json,  tester/Ex1_Calls_case_2_a.csv
0.0,OOP_Ex1_Elevator_Simulator
0.0,Simulated Building, Building [-10,100]
0) ex1.Elevator_A, Elev_, id,0,  speed, 9.0, open: 1.1111111111111112,  start: 1.6666666666666667, close: 1.1111111111111112,  stop: 1.6666666666666667
1) ex1.Elevator_A, Elev_, id,1,  speed, 7.0, open: 1.4285714285714286,  start: 2.142857142857143, close: 1.4285714285714286,  stop: 2.142857142857143
2) ex1.Elevator_A, Elev_, id,2,  speed, 5.0, open: 2.0,  start: 3.0, close: 2.0,  stop: 3.0
3) ex1.Elevator_A, Elev_, id,3,  speed, 5.0, open: 2.0,  start: 3.0, close: 2.0,  stop: 3.0
4) ex1.Elevator_A, Elev_, id,4,  speed, 3.0, open: 2.0,  start: 3.0, close: 2.0,  stop: 3.0
5) ex1.Elevator_A, Elev_, id,5,  speed, 3.0, open: 2.0,  start: 3.0, close: 2.0,  stop: 3.0
6) ex1.Elevator_A, Elev_, id,6,  speed, 1.5, open: 2.0,  start: 3.0, close: 2.0,  stop: 3.0
7) ex1.Elevator_A, Elev_, id,7,  speed, 9.0, open: 1.1111111111111112,  start: 1.6666666666666667, close: 1.1111111111111112,  stop: 1.6666666666666667
8) ex1.Elevator_A, Elev_, id,8,  speed, 9.0, open: 1.1111111111111112,  start: 1.6666666666666667, close: 1.1111111111111112,  stop: 1.6666666666666667
9) ex1.Elevator_A, Elev_, id,9,  speed, 2.0, open: 2.0,  start: 3.0, close: 2.0,  stop: 3.0

0.0,Simulated Period starTime,0.0,  endTime,200.56754743307536,  dt,1.0
0.0,Simulated  calls,Elevator log, size: 10
0.0,**** Simulation starts!! ****
1.0,Elevator call,0.437472729039321,0,-1,1,0, got allocated to elevator, 0
1.0,Elev,0,  arrived at src, 0, Elevator call,0.437472729039321,0,-1,2,0
1.0, elevID,0,  pos,0,  cmd, goto,-1
3.0,Elevator call,2.2094056301593525,0,-1,1,0, got allocated to elevator, 0
, elevID,0,  pos,0,  cmd, stop,0
7.0,Elev,0,  arrived at src, 0, Elevator call,2.2094056301593525,0,-1,2,0
7.0, elevID,0,  pos,0,  cmd, goto,-1
13.0,Elev,0,  arrived at dest, -1, this call is done!, Elevator call,0.437472729039321,0,-1,3,0, Done, dt, 12.562527270960679
13.0,Elev,0,  arrived at dest, -1, this call is done!, Elevator call,2.2094056301593525,0,-1,3,0, Done, dt, 10.790594369840647
19.0,Elevator call,18.77299317966884,-1,-2,1,0, got allocated to elevator, 0
19.0,Elev,0,  arrived at src, -1, Elevator call,18.77299317966884,-1,-2,2,0
19.0, elevID,0,  pos,-1,  cmd, goto,-2
20.0,Elevator call,19.590869649656987,0,7,1,1, got allocated to elevator, 1
20.0,Elev,1,  arrived at src, 0, Elevator call,19.590869649656987,0,7,2,1
20.0, elevID,1,  pos,0,  cmd, goto,7
25.0,Elev,0,  arrived at dest, -2, this call is done!, Elevator call,18.77299317966884,-1,-2,3,0, Done, dt, 6.227006820331159
29.0,Elev,1,  arrived at dest, 7, this call is done!, Elevator call,19.590869649656987,0,7,3,1, Done, dt, 9.409130350343013
30.0,Elevator call,29.579433566814906,0,1,1,1, got allocated to elevator, 1
30.0, elevID,1,  pos,7,  cmd, goto,0
34.0,Elevator call,33.242673193933555,10,0,1,0, got allocated to elevator, 0
34.0, elevID,0,  pos,-2,  cmd, goto,10
39.0,Elev,1,  arrived at src, 0, Elevator call,29.579433566814906,0,1,2,1
39.0, elevID,1,  pos,0,  cmd, goto,1
41.0,Elev,0,  arrived at src, 10, Elevator call,33.242673193933555,10,0,2,0
41.0, elevID,0,  pos,10,  cmd, goto,0
47.0,Elev,1,  arrived at dest, 1, this call is done!, Elevator call,29.579433566814906,0,1,3,1, Done, dt, 17.420566433185094
48.0,Elev,0,  arrived at dest, 0, this call is done!, Elevator call,33.242673193933555,10,0,3,0, Done, dt, 14.757326806066445
53.0,Elevator call,52.96277472128405,3,-1,1,0, got allocated to elevator, 0
53.0, elevID,0,  pos,0,  cmd, goto,3
59.0,Elev,0,  arrived at src, 3, Elevator call,52.96277472128405,3,-1,2,0
59.0, elevID,0,  pos,3,  cmd, goto,-1
65.0,Elevator call,64.38547514955395,2,-1,1,0, got allocated to elevator, 0
65.0,Elev,0,  arrived at dest, -1, this call is done!, Elevator call,52.96277472128405,3,-1,3,0, Done, dt, 12.037225278715951
65.0, elevID,0,  pos,-1,  cmd, goto,2
71.0,Elev,0,  arrived at src, 2, Elevator call,64.38547514955395,2,-1,2,0
71.0, elevID,0,  pos,2,  cmd, goto,-1
73.0,Elevator call,72.26161212799506,10,0,1,0, got allocated to elevator, 0
77.0,Elev,0,  arrived at dest, -1, this call is done!, Elevator call,64.38547514955395,2,-1,3,0, Done, dt, 12.614524850446045
77.0, elevID,0,  pos,-1,  cmd, goto,10
81.0,Elevator call,80.56754743307536,-1,-2,1,0, got allocated to elevator, 0
84.0,Elev,0,  arrived at src, 10, Elevator call,72.26161212799506,10,0,2,0
84.0, elevID,0,  pos,10,  cmd, goto,0
91.0,Elev,0,  arrived at dest, 0, this call is done!, Elevator call,72.26161212799506,10,0,3,0, Done, dt, 18.738387872004935
91.0, elevID,0,  pos,0,  cmd, goto,-1
97.0,Elev,0,  arrived at src, -1, Elevator call,80.56754743307536,-1,-2,2,0
97.0, elevID,0,  pos,-1,  cmd, goto,-2
103.0,Elev,0,  arrived at dest, -2, this call is done!, Elevator call,80.56754743307536,-1,-2,3,0, Done, dt, 22.43245256692464
104.0,************* Simulation Ended ************
Code Owners,1111,2222,3333,  Building_file,tester/B5.json,  Calls,tester/Ex1_Calls_case_2_a.csv
Total waiting time: 132.0,  average waiting time per call: 13.2,  unCompleted calls,0,  certificate, -159438516
