Ex1 (OOP) Simulator log: stage data/Ex1_input/Ex1_buildings/B2.json,  out/output_B2_a.csv
0.0,OOP_Ex1_Elevator_Simulator
0.0,Simulated Building, Building [-2,10]
0) ex1.Elevator_A, Elev_, id,0,  speed, 1.0, open: 2.0,  start: 3.0, close: 2.0,  stop: 3.0
1) ex1.Elevator_A, Elev_, id,1,  speed, 2.0, open: 2.0,  start: 3.0, close: 2.0,  stop: 3.0

0.0,Simulated Period starTime,0.0,  endTime,1104.1840186,  dt,1.0
0.0,Simulated  calls,Elevator log, size: 100
0.0,**** Simulation starts!! ****
5.0,Elevator call,4.37472729,0,-1,1,1, got allocated to elevator, 1
5.0,Elev,1,  arrived at src, 0, Elevator call,4.37472729,0,-1,2,1
5.0, elevID,1,  pos,0,  cmd, goto,-1
16.0,Elev,1,  arrived at dest, -1, this call is done!, Elevator call,4.37472729,0,-1,3,1, Done, dt, 11.62527271
17.0,Elevator call,16.95788289,-1,0,1,1, got allocated to elevator, 1
17.0,Elev,1,  arrived at src, -1, Elevator call,16.95788289,-1,0,2,1
17.0, elevID,1,  pos,-1,  cmd, goto,0
23.0,Elevator call,22.0940563,0,-1,1,1, got allocated to elevator, 1
28.0,Elev,1,  arrived at dest, 0, this call is done!, Elevator call,16.95788289,-1,0,3,1, Done, dt, 11.04211711
28.0,Elev,1,  arrived at src, 0, Elevator call,22.0940563,0,-1,2,1
28.0, elevID,1,  pos,0,  cmd, goto,-1
39.0,Elev,1,  arrived at dest, -1, this call is done!, Elevator call,22.0940563,0,-1,3,1, Done, dt, 16.9059437
86.0,Elevator call,85.52096662,3,2,1,1, got allocated to elevator, 1
86.0, elevID,1,  pos,-1,  cmd, goto,3
92.0,Elevator call,91.21019413,-1,-2,1,1, got allocated to elevator, 1
98.0,Elev,1,  arrived at src, 3, Elevator call,85.52096662,3,2,2,1
98.0, elevID,1,  pos,3,  cmd, goto,2
105.0,Elevator call,104.1370124,0,4,1,1, got allocated to elevator, 1
109.0,Elev,1,  arrived at dest, 2, this call is done!, Elevator call,85.52096662,3,2,3,1, Done, dt, 23.479033380000004
109.0, elevID,1,  pos,2,  cmd, goto,0
110.0,Elevator call,109.2135291,-1,0,1,1, got allocated to elevator, 1
115.0,Elevator call,114.392351,3,0,1,1, got allocated to elevator, 1
120.0,Elev,1,  arrived at src, 0, Elevator call,104.1370124,0,4,2,1
120.0, elevID,1,  pos,0,  cmd, goto,-1
125.0,Elevator call,124.425571,0,9,1,1, got allocated to elevator, 1
, elevID,1,  pos,0,  cmd, stop,0
130.0,Elev,1,  arrived at src, 0, Elevator call,124.425571,0,9,2,1
130.0, elevID,1,  pos,0,  cmd, goto,-1
131.0,Elevator call,130.0249568,8,10,1,1, got allocated to elevator, 1
131.0,Elevator call,130.2249113,-1,1,1,1, got allocated to elevator, 1
138.0,Elevator call,137.9515274,0,4,1,1, got allocated to elevator, 1
141.0,Elev,1,  arrived at src, -1, Elevator call,91.21019413,-1,-2,2,1
141.0,Elev,1,  arrived at src, -1, Elevator call,109.2135291,-1,0,2,1
141.0,Elev,1,  arrived at src, -1, Elevator call,130.2249113,-1,1,2,1
141.0, elevID,1,  pos,-1,  cmd, goto,-2
144.0,Elevator call,143.9133584,0,6,1,1, got allocated to elevator, 1
152.0,Elev,1,  arrived at dest, -2, this call is done!, Elevator call,91.21019413,-1,-2,3,1, Done, dt, 60.789805869999995
152.0, elevID,1,  pos,-2,  cmd, goto,0
163.0,Elev,1,  arrived at dest, 0, this call is done!, Elevator call,109.2135291,-1,0,3,1, Done, dt, 53.7864709
163.0,Elev,1,  arrived at src, 0, Elevator call,137.9515274,0,4,2,1
163.0,Elev,1,  arrived at src, 0, Elevator call,143.9133584,0,6,2,1
163.0, elevID,1,  pos,0,  cmd, goto,1
170.0,Elevator call,169.7845834,-1,0,1,1, got allocated to elevator, 1
171.0,Elevator call,170.0099621,0,6,1,1, got allocated to elevator, 1
172.0,Elevator call,171.2117332,-1,8,1,1, got allocated to elevator, 1
174.0,Elev,1,  arrived at dest, 1, this call is done!, Elevator call,130.2249113,-1,1,3,1, Done, dt, 43.7750887
174.0, elevID,1,  pos,1,  cmd, goto,3
175.0,Elevator call,174.8438515,0,-1,1,1, got allocated to elevator, 1
185.0,Elev,1,  arrived at src, 3, Elevator call,114.392351,3,0,2,1
185.0, elevID,1,  pos,3,  cmd, goto,4
188.0,Elevator call,187.1167862,-1,-2,1,1, got allocated to elevator, 1
188.0,Elevator call,187.7299318,-1,-2,1,1, got allocated to elevator, 1
196.0,Elevator call,195.9086965,0,7,1,1, got allocated to elevator, 1
196.0,Elev,1,  arrived at dest, 4, this call is done!, Elevator call,104.1370124,0,4,3,1, Done, dt, 91.8629876
196.0,Elev,1,  arrived at dest, 4, this call is done!, Elevator call,137.9515274,0,4,3,1, Done, dt, 58.0484726
196.0, elevID,1,  pos,4,  cmd, goto,6
198.0,Elevator call,197.5359191,-1,1,1,1, got allocated to elevator, 1
206.0,Elevator call,205.9895199,-1,0,1,1, got allocated to elevator, 1
207.0,Elev,1,  arrived at dest, 6, this call is done!, Elevator call,143.9133584,0,6,3,1, Done, dt, 63.08664160000001
207.0, elevID,1,  pos,6,  cmd, goto,8
218.0,Elev,1,  arrived at src, 8, Elevator call,130.0249568,8,10,2,1
218.0, elevID,1,  pos,8,  cmd, goto,9
228.0,Elevator call,227.0798305,-1,5,1,1, got allocated to elevator, 1
229.0,Elev,1,  arrived at dest, 9, this call is done!, Elevator call,124.425571,0,9,3,1, Done, dt, 104.574429
229.0, elevID,1,  pos,9,  cmd, goto,10
232.0,Elevator call,231.5157882,-1,0,1,1, got allocated to elevator, 1
233.0,Elevator call,232.9504362,0,-1,1,1, got allocated to elevator, 1
240.0,Elev,1,  arrived at dest, 10, this call is done!, Elevator call,130.0249568,8,10,3,1, Done, dt, 109.97504319999999
240.0, elevID,1,  pos,10,  cmd, goto,0
252.0,Elevator call,251.1044469,-1,-2,1,1, got allocated to elevator, 1
252.0,Elevator call,251.2359335,0,9,1,1, got allocated to elevator, 1
255.0,Elevator call,254.6977153,3,4,1,1, got allocated to elevator, 1
255.0,Elev,1,  arrived at dest, 0, this call is done!, Elevator call,114.392351,3,0,3,1, Done, dt, 140.60764899999998
255.0,Elev,1,  arrived at src, 0, Elevator call,170.0099621,0,6,2,1
255.0,Elev,1,  arrived at src, 0, Elevator call,174.8438515,0,-1,2,1
255.0,Elev,1,  arrived at src, 0, Elevator call,195.9086965,0,7,2,1
255.0,Elev,1,  arrived at src, 0, Elevator call,232.9504362,0,-1,2,1
255.0,Elev,1,  arrived at src, 0, Elevator call,251.2359335,0,9,2,1
255.0, elevID,1,  pos,0,  cmd, goto,-1
258.0,Elevator call,257.7974435,-1,0,1,1, got allocated to elevator, 1
266.0,Elev,1,  arrived at src, -1, Elevator call,169.7845834,-1,0,2,1
266.0,Elev,1,  arrived at src, -1, Elevator call,171.2117332,-1,8,2,1
266.0,Elev,1,  arrived at dest, -1, this call is done!, Elevator call,174.8438515,0,-1,3,1, Done, dt, 91.1561485
266.0,Elev,1,  arrived at src, -1, Elevator call,187.1167862,-1,-2,2,1
266.0,Elev,1,  arrived at src, -1, Elevator call,187.7299318,-1,-2,2,1
266.0,Elev,1,  arrived at src, -1, Elevator call,197.5359191,-1,1,2,1
266.0,Elev,1,  arrived at src, -1, Elevator call,205.9895199,-1,0,2,1
266.0,Elev,1,  arrived at src, -1, Elevator call,227.0798305,-1,5,2,1
266.0,Elev,1,  arrived at src, -1, Elevator call,231.5157882,-1,0,2,1
266.0,Elev,1,  arrived at dest, -1, this call is done!, Elevator call,232.9504362,0,-1,3,1, Done, dt, 33.04956379999999
266.0,Elev,1,  arrived at src, -1, Elevator call,251.1044469,-1,-2,2,1
266.0,Elev,1,  arrived at src, -1, Elevator call,257.7974435,-1,0,2,1
266.0, elevID,1,  pos,-1,  cmd, goto,-2
277.0,Elev,1,  arrived at dest, -2, this call is done!, Elevator call,187.1167862,-1,-2,3,1, Done, dt, 89.8832138
277.0,Elev,1,  arrived at dest, -2, this call is done!, Elevator call,187.7299318,-1,-2,3,1, Done, dt, 89.2700682
277.0,Elev,1,  arrived at dest, -2, this call is done!, Elevator call,251.1044469,-1,-2,3,1, Done, dt, 25.8955531
277.0, elevID,1,  pos,-2,  cmd, goto,0
288.0,Elev,1,  arrived at dest, 0, this call is done!, Elevator call,169.7845834,-1,0,3,1, Done, dt, 118.2154166
288.0,Elev,1,  arrived at dest, 0, this call is done!, Elevator call,205.9895199,-1,0,3,1, Done, dt, 82.0104801
288.0,Elev,1,  arrived at dest, 0, this call is done!, Elevator call,231.5157882,-1,0,3,1, Done, dt, 56.4842118
288.0,Elev,1,  arrived at dest, 0, this call is done!, Elevator call,257.7974435,-1,0,3,1, Done, dt, 30.202556500000014
288.0, elevID,1,  pos,0,  cmd, goto,1
296.0,Elevator call,295.7943357,0,1,1,1, got allocated to elevator, 1
299.0,Elev,1,  arrived at dest, 1, this call is done!, Elevator call,197.5359191,-1,1,3,1, Done, dt, 101.4640809
299.0, elevID,1,  pos,1,  cmd, goto,3
305.0,Elevator call,304.9984388,6,0,1,1, got allocated to elevator, 1
310.0,Elevator call,309.3005383,0,-1,1,1, got allocated to elevator, 1
310.0,Elev,1,  arrived at src, 3, Elevator call,254.6977153,3,4,2,1
310.0, elevID,1,  pos,3,  cmd, goto,4
313.0,Elevator call,312.3018556,0,-1,1,1, got allocated to elevator, 1
317.0,Elevator call,316.0323783,0,-1,1,1, got allocated to elevator, 1
320.0,Elevator call,319.905202,6,5,1,1, got allocated to elevator, 1
321.0,Elevator call,320.9760749,-1,0,1,1, got allocated to elevator, 1
321.0,Elev,1,  arrived at dest, 4, this call is done!, Elevator call,254.6977153,3,4,3,1, Done, dt, 66.3022847
321.0, elevID,1,  pos,4,  cmd, goto,5
322.0,Elevator call,321.370409,7,-1,1,1, got allocated to elevator, 1
332.0,Elev,1,  arrived at dest, 5, this call is done!, Elevator call,227.0798305,-1,5,3,1, Done, dt, 104.92016949999999
332.0, elevID,1,  pos,5,  cmd, goto,6
333.0,Elevator call,332.4267319,0,10,1,1, got allocated to elevator, 1
337.0,Elevator call,336.9304305,-1,0,1,1, got allocated to elevator, 1
343.0,Elev,1,  arrived at dest, 6, this call is done!, Elevator call,170.0099621,0,6,3,1, Done, dt, 172.9900379
343.0,Elev,1,  arrived at src, 6, Elevator call,304.9984388,6,0,2,1
343.0,Elev,1,  arrived at src, 6, Elevator call,319.905202,6,5,2,1
343.0, elevID,1,  pos,6,  cmd, goto,7
354.0,Elev,1,  arrived at dest, 7, this call is done!, Elevator call,195.9086965,0,7,3,1, Done, dt, 158.0913035
354.0,Elev,1,  arrived at src, 7, Elevator call,321.370409,7,-1,2,1
354.0, elevID,1,  pos,7,  cmd, goto,8
365.0,Elev,1,  arrived at dest, 8, this call is done!, Elevator call,171.2117332,-1,8,3,1, Done, dt, 193.7882668
365.0, elevID,1,  pos,8,  cmd, goto,9
376.0,Elevator call,375.490481,1,0,1,1, got allocated to elevator, 1
376.0,Elev,1,  arrived at dest, 9, this call is done!, Elevator call,251.2359335,0,9,3,1, Done, dt, 124.76406650000001
376.0, elevID,1,  pos,9,  cmd, goto,5
388.0,Elev,1,  arrived at dest, 5, this call is done!, Elevator call,319.905202,6,5,3,1, Done, dt, 68.09479800000003
388.0, elevID,1,  pos,5,  cmd, goto,1
393.0,Elevator call,392.5160765,0,5,1,1, got allocated to elevator, 1
400.0,Elev,1,  arrived at src, 1, Elevator call,375.490481,1,0,2,1
400.0, elevID,1,  pos,1,  cmd, goto,0
406.0,Elevator call,405.1821141,-1,10,1,1, got allocated to elevator, 1
411.0,Elev,1,  arrived at src, 0, Elevator call,295.7943357,0,1,2,1
411.0,Elev,1,  arrived at dest, 0, this call is done!, Elevator call,304.9984388,6,0,3,1, Done, dt, 106.00156120000003
411.0,Elev,1,  arrived at src, 0, Elevator call,309.3005383,0,-1,2,1
411.0,Elev,1,  arrived at src, 0, Elevator call,312.3018556,0,-1,2,1
411.0,Elev,1,  arrived at src, 0, Elevator call,316.0323783,0,-1,2,1
411.0,Elev,1,  arrived at src, 0, Elevator call,332.4267319,0,10,2,1
411.0,Elev,1,  arrived at dest, 0, this call is done!, Elevator call,375.490481,1,0,3,1, Done, dt, 35.50951900000001
411.0,Elev,1,  arrived at src, 0, Elevator call,392.5160765,0,5,2,1
411.0, elevID,1,  pos,0,  cmd, goto,-1
422.0,Elev,1,  arrived at dest, -1, this call is done!, Elevator call,309.3005383,0,-1,3,1, Done, dt, 112.69946169999997
422.0,Elev,1,  arrived at dest, -1, this call is done!, Elevator call,312.3018556,0,-1,3,1, Done, dt, 109.69814439999999
422.0,Elev,1,  arrived at dest, -1, this call is done!, Elevator call,316.0323783,0,-1,3,1, Done, dt, 105.9676217
422.0,Elev,1,  arrived at src, -1, Elevator call,320.9760749,-1,0,2,1
422.0,Elev,1,  arrived at dest, -1, this call is done!, Elevator call,321.370409,7,-1,3,1, Done, dt, 100.629591
422.0,Elev,1,  arrived at src, -1, Elevator call,336.9304305,-1,0,2,1
422.0,Elev,1,  arrived at src, -1, Elevator call,405.1821141,-1,10,2,1
422.0, elevID,1,  pos,-1,  cmd, goto,0
427.0,Elevator call,426.8615805,2,0,1,1, got allocated to elevator, 1
433.0,Elev,1,  arrived at dest, 0, this call is done!, Elevator call,320.9760749,-1,0,3,1, Done, dt, 112.02392509999999
433.0,Elev,1,  arrived at dest, 0, this call is done!, Elevator call,336.9304305,-1,0,3,1, Done, dt, 96.0695695
433.0, elevID,1,  pos,0,  cmd, goto,1
438.0,Elevator call,437.1711158,1,0,1,1, got allocated to elevator, 1
444.0,Elev,1,  arrived at dest, 1, this call is done!, Elevator call,295.7943357,0,1,3,1, Done, dt, 148.20566430000002
444.0,Elev,1,  arrived at src, 1, Elevator call,437.1711158,1,0,2,1
444.0, elevID,1,  pos,1,  cmd, goto,2
455.0,Elev,1,  arrived at src, 2, Elevator call,426.8615805,2,0,2,1
455.0, elevID,1,  pos,2,  cmd, goto,5
467.0,Elev,1,  arrived at dest, 5, this call is done!, Elevator call,392.5160765,0,5,3,1, Done, dt, 74.4839235
467.0, elevID,1,  pos,5,  cmd, goto,10
473.0,Elevator call,472.7445474,10,-1,1,1, got allocated to elevator, 1
480.0,Elev,1,  arrived at dest, 10, this call is done!, Elevator call,332.4267319,0,10,3,1, Done, dt, 147.5732681
480.0,Elev,1,  arrived at dest, 10, this call is done!, Elevator call,405.1821141,-1,10,3,1, Done, dt, 74.81788590000002
480.0,Elev,1,  arrived at src, 10, Elevator call,472.7445474,10,-1,2,1
480.0, elevID,1,  pos,10,  cmd, goto,0
495.0,Elev,1,  arrived at dest, 0, this call is done!, Elevator call,426.8615805,2,0,3,1, Done, dt, 68.1384195
495.0,Elev,1,  arrived at dest, 0, this call is done!, Elevator call,437.1711158,1,0,3,1, Done, dt, 57.828884200000005
495.0, elevID,1,  pos,0,  cmd, goto,-1
501.0,Elevator call,500.3712045,8,-1,1,1, got allocated to elevator, 1
504.0,Elevator call,503.1384784,1,-1,1,1, got allocated to elevator, 1
505.0,Elevator call,504.4317942,0,-1,1,1, got allocated to elevator, 1
506.0,Elev,1,  arrived at dest, -1, this call is done!, Elevator call,472.7445474,10,-1,3,1, Done, dt, 33.25545260000001
506.0, elevID,1,  pos,-1,  cmd, goto,0
517.0,Elev,1,  arrived at src, 0, Elevator call,504.4317942,0,-1,2,1
517.0, elevID,1,  pos,0,  cmd, goto,1
528.0,Elev,1,  arrived at src, 1, Elevator call,503.1384784,1,-1,2,1
528.0, elevID,1,  pos,1,  cmd, goto,8
530.0,Elevator call,529.6277472,3,-1,1,1, got allocated to elevator, 1
530.0, elevID,1,  pos,1,  cmd, stop,3
538.0,Elevator call,537.7866884,-1,6,1,1, got allocated to elevator, 1
539.0,Elev,1,  arrived at src, 3, Elevator call,529.6277472,3,-1,2,1
539.0, elevID,1,  pos,3,  cmd, goto,8
545.0,Elevator call,544.7880392,6,-1,1,1, got allocated to elevator, 1
545.0, elevID,1,  pos,5,  cmd, stop,6
551.0,Elev,1,  arrived at src, 6, Elevator call,544.7880392,6,-1,2,1
551.0, elevID,1,  pos,6,  cmd, goto,8
555.0,Elevator call,554.0892923,4,0,1,1, got allocated to elevator, 1
558.0,Elevator call,557.244139,10,0,1,1, got allocated to elevator, 1
562.0,Elev,1,  arrived at src, 8, Elevator call,500.3712045,8,-1,2,1
562.0, elevID,1,  pos,8,  cmd, goto,10
566.0,Elevator call,565.0195522,0,-1,1,1, got allocated to elevator, 1
573.0,Elev,1,  arrived at src, 10, Elevator call,557.244139,10,0,2,1
573.0, elevID,1,  pos,10,  cmd, goto,4
582.0,Elevator call,581.870309,0,3,1,1, got allocated to elevator, 1
586.0,Elev,1,  arrived at src, 4, Elevator call,554.0892923,4,0,2,1
586.0, elevID,1,  pos,4,  cmd, goto,0
597.0,Elevator call,596.1232023,8,0,1,1, got allocated to elevator, 1
598.0,Elev,1,  arrived at dest, 0, this call is done!, Elevator call,554.0892923,4,0,3,1, Done, dt, 43.91070769999999
598.0,Elev,1,  arrived at dest, 0, this call is done!, Elevator call,557.244139,10,0,3,1, Done, dt, 40.75586099999998
598.0,Elev,1,  arrived at src, 0, Elevator call,565.0195522,0,-1,2,1
598.0,Elev,1,  arrived at src, 0, Elevator call,581.870309,0,3,2,1
598.0, elevID,1,  pos,0,  cmd, goto,-1
601.0,Elevator call,600.931288,1,0,1,1, got allocated to elevator, 1
604.0,Elevator call,603.9342327,7,0,1,1, got allocated to elevator, 1
609.0,Elev,1,  arrived at dest, -1, this call is done!, Elevator call,500.3712045,8,-1,3,1, Done, dt, 108.62879550000002
609.0,Elev,1,  arrived at dest, -1, this call is done!, Elevator call,503.1384784,1,-1,3,1, Done, dt, 105.8615216
609.0,Elev,1,  arrived at dest, -1, this call is done!, Elevator call,504.4317942,0,-1,3,1, Done, dt, 104.56820579999999
609.0,Elev,1,  arrived at dest, -1, this call is done!, Elevator call,529.6277472,3,-1,3,1, Done, dt, 79.37225279999996
609.0,Elev,1,  arrived at src, -1, Elevator call,537.7866884,-1,6,2,1
609.0,Elev,1,  arrived at dest, -1, this call is done!, Elevator call,544.7880392,6,-1,3,1, Done, dt, 64.21196080000004
609.0,Elev,1,  arrived at dest, -1, this call is done!, Elevator call,565.0195522,0,-1,3,1, Done, dt, 43.98044779999998
609.0, elevID,1,  pos,-1,  cmd, goto,1
618.0,Elevator call,617.9628339,0,3,1,1, got allocated to elevator, 1
620.0,Elevator call,619.6454197,9,0,1,1, got allocated to elevator, 1
620.0,Elev,1,  arrived at src, 1, Elevator call,600.931288,1,0,2,1
620.0, elevID,1,  pos,1,  cmd, goto,3
627.0,Elevator call,626.2116172,0,1,1,1, got allocated to elevator, 1
631.0,Elev,1,  arrived at dest, 3, this call is done!, Elevator call,581.870309,0,3,3,1, Done, dt, 49.12969099999998
631.0, elevID,1,  pos,3,  cmd, goto,6
643.0,Elev,1,  arrived at dest, 6, this call is done!, Elevator call,537.7866884,-1,6,3,1, Done, dt, 105.2133116
643.0, elevID,1,  pos,6,  cmd, goto,7
644.0,Elevator call,643.8547515,-1,2,1,1, got allocated to elevator, 1
654.0,Elev,1,  arrived at src, 7, Elevator call,603.9342327,7,0,2,1
654.0, elevID,1,  pos,7,  cmd, goto,8
661.0,Elevator call,660.0732908,6,10,1,1, got allocated to elevator, 1
662.0,Elevator call,661.042082,-1,3,1,1, got allocated to elevator, 1
663.0,Elevator call,662.1730528,-1,5,1,1, got allocated to elevator, 1
665.0,Elev,1,  arrived at src, 8, Elevator call,596.1232023,8,0,2,1
665.0, elevID,1,  pos,8,  cmd, goto,9
666.0,Elevator call,665.1155549,-1,8,1,1, got allocated to elevator, 1
667.0,Elevator call,666.0340295,4,0,1,1, got allocated to elevator, 1
667.0,Elevator call,666.2411587,5,-1,1,1, got allocated to elevator, 1
673.0,Elevator call,672.6773142,0,-1,1,1, got allocated to elevator, 1
676.0,Elev,1,  arrived at src, 9, Elevator call,619.6454197,9,0,2,1
676.0, elevID,1,  pos,9,  cmd, goto,6
678.0,Elevator call,677.7341948,0,-1,1,1, got allocated to elevator, 1
679.0,Elevator call,678.9953585,-1,-2,1,1, got allocated to elevator, 1
688.0,Elev,1,  arrived at src, 6, Elevator call,660.0732908,6,10,2,1
688.0, elevID,1,  pos,6,  cmd, goto,5
696.0,Elevator call,695.2239882,0,10,1,1, got allocated to elevator, 1
699.0,Elev,1,  arrived at src, 5, Elevator call,666.2411587,5,-1,2,1
699.0, elevID,1,  pos,5,  cmd, goto,4
707.0,Elevator call,706.1583475,-1,-2,1,1, got allocated to elevator, 1
710.0,Elev,1,  arrived at src, 4, Elevator call,666.0340295,4,0,2,1
710.0, elevID,1,  pos,4,  cmd, goto,0
711.0,Elevator call,710.324977,0,1,1,1, got allocated to elevator, 1
714.0,Elevator call,713.0191971,1,0,1,1, got allocated to elevator, 1
714.0,Elevator call,713.2499766,10,-1,1,1, got allocated to elevator, 1
, elevID,1,  pos,4,  cmd, stop,1
722.0,Elev,1,  arrived at src, 1, Elevator call,713.0191971,1,0,2,1
722.0, elevID,1,  pos,1,  cmd, goto,0
723.0,Elevator call,722.6161213,10,0,1,1, got allocated to elevator, 1
728.0,Elevator call,727.5146029,-1,0,1,1, got allocated to elevator, 1
733.0,Elevator call,732.9746341,6,-1,1,1, got allocated to elevator, 1
733.0,Elev,1,  arrived at dest, 0, this call is done!, Elevator call,596.1232023,8,0,3,1, Done, dt, 136.8767977
733.0,Elev,1,  arrived at dest, 0, this call is done!, Elevator call,600.931288,1,0,3,1, Done, dt, 132.068712
733.0,Elev,1,  arrived at dest, 0, this call is done!, Elevator call,603.9342327,7,0,3,1, Done, dt, 129.06576729999995
733.0,Elev,1,  arrived at src, 0, Elevator call,617.9628339,0,3,2,1
733.0,Elev,1,  arrived at dest, 0, this call is done!, Elevator call,619.6454197,9,0,3,1, Done, dt, 113.35458029999995
733.0,Elev,1,  arrived at src, 0, Elevator call,626.2116172,0,1,2,1
733.0,Elev,1,  arrived at dest, 0, this call is done!, Elevator call,666.0340295,4,0,3,1, Done, dt, 66.96597050000003
733.0,Elev,1,  arrived at src, 0, Elevator call,672.6773142,0,-1,2,1
733.0,Elev,1,  arrived at src, 0, Elevator call,677.7341948,0,-1,2,1
733.0,Elev,1,  arrived at src, 0, Elevator call,695.2239882,0,10,2,1
733.0,Elev,1,  arrived at src, 0, Elevator call,710.324977,0,1,2,1
733.0,Elev,1,  arrived at dest, 0, this call is done!, Elevator call,713.0191971,1,0,3,1, Done, dt, 19.980802899999958
733.0, elevID,1,  pos,0,  cmd, goto,-1
738.0,Elevator call,737.3147202,1,0,1,1, got allocated to elevator, 1
744.0,Elev,1,  arrived at src, -1, Elevator call,643.8547515,-1,2,2,1
744.0,Elev,1,  arrived at src, -1, Elevator call,661.042082,-1,3,2,1
744.0,Elev,1,  arrived at src, -1, Elevator call,662.1730528,-1,5,2,1
744.0,Elev,1,  arrived at src, -1, Elevator call,665.1155549,-1,8,2,1
744.0,Elev,1,  arrived at dest, -1, this call is done!, Elevator call,666.2411587,5,-1,3,1, Done, dt, 77.75884129999997
744.0,Elev,1,  arrived at dest, -1, this call is done!, Elevator call,672.6773142,0,-1,3,1, Done, dt, 71.32268580000004
744.0,Elev,1,  arrived at dest, -1, this call is done!, Elevator call,677.7341948,0,-1,3,1, Done, dt, 66.26580520000005
744.0,Elev,1,  arrived at src, -1, Elevator call,678.9953585,-1,-2,2,1
744.0,Elev,1,  arrived at src, -1, Elevator call,706.1583475,-1,-2,2,1
744.0,Elev,1,  arrived at src, -1, Elevator call,727.5146029,-1,0,2,1
744.0, elevID,1,  pos,-1,  cmd, goto,-2
755.0,Elev,1,  arrived at dest, -2, this call is done!, Elevator call,678.9953585,-1,-2,3,1, Done, dt, 76.00464150000005
755.0,Elev,1,  arrived at dest, -2, this call is done!, Elevator call,706.1583475,-1,-2,3,1, Done, dt, 48.84165250000001
755.0, elevID,1,  pos,-2,  cmd, goto,0
766.0,Elev,1,  arrived at dest, 0, this call is done!, Elevator call,727.5146029,-1,0,3,1, Done, dt, 38.4853971
766.0, elevID,1,  pos,0,  cmd, goto,1
777.0,Elev,1,  arrived at dest, 1, this call is done!, Elevator call,626.2116172,0,1,3,1, Done, dt, 150.78838280000002
777.0,Elev,1,  arrived at dest, 1, this call is done!, Elevator call,710.324977,0,1,3,1, Done, dt, 66.67502300000001
777.0,Elev,1,  arrived at src, 1, Elevator call,737.3147202,1,0,2,1
777.0, elevID,1,  pos,1,  cmd, goto,2
780.0,Elevator call,779.3996914,-1,5,1,1, got allocated to elevator, 1
788.0,Elev,1,  arrived at dest, 2, this call is done!, Elevator call,643.8547515,-1,2,3,1, Done, dt, 144.14524849999998
788.0, elevID,1,  pos,2,  cmd, goto,3
799.0,Elev,1,  arrived at dest, 3, this call is done!, Elevator call,617.9628339,0,3,3,1, Done, dt, 181.03716610000004
799.0,Elev,1,  arrived at dest, 3, this call is done!, Elevator call,661.042082,-1,3,3,1, Done, dt, 137.95791799999995
799.0, elevID,1,  pos,3,  cmd, goto,5
806.0,Elevator call,805.6754743,-1,-2,1,1, got allocated to elevator, 1
810.0,Elev,1,  arrived at dest, 5, this call is done!, Elevator call,662.1730528,-1,5,3,1, Done, dt, 147.82694719999995
810.0, elevID,1,  pos,5,  cmd, goto,6
811.0,Elevator call,810.4469089,2,0,1,1, got allocated to elevator, 1
817.0,Elevator call,816.1516998,7,-1,1,1, got allocated to elevator, 1
821.0,Elev,1,  arrived at src, 6, Elevator call,732.9746341,6,-1,2,1
821.0, elevID,1,  pos,6,  cmd, goto,7
826.0,Elevator call,825.4575185,7,0,1,1, got allocated to elevator, 1
832.0,Elev,1,  arrived at src, 7, Elevator call,816.1516998,7,-1,2,1
832.0,Elev,1,  arrived at src, 7, Elevator call,825.4575185,7,0,2,1
832.0, elevID,1,  pos,7,  cmd, goto,8
840.0,Elevator call,839.8525653,0,1,1,1, got allocated to elevator, 1
843.0,Elev,1,  arrived at dest, 8, this call is done!, Elevator call,665.1155549,-1,8,3,1, Done, dt, 177.8844451
843.0, elevID,1,  pos,8,  cmd, goto,10
854.0,Elev,1,  arrived at dest, 10, this call is done!, Elevator call,660.0732908,6,10,3,1, Done, dt, 193.9267092
854.0,Elev,1,  arrived at dest, 10, this call is done!, Elevator call,695.2239882,0,10,3,1, Done, dt, 158.7760118
854.0,Elev,1,  arrived at src, 10, Elevator call,713.2499766,10,-1,2,1
854.0,Elev,1,  arrived at src, 10, Elevator call,722.6161213,10,0,2,1
854.0, elevID,1,  pos,10,  cmd, goto,2
855.0,Elevator call,854.2002278,6,-1,1,1, got allocated to elevator, 1
, elevID,1,  pos,10,  cmd, stop,6
864.0,Elevator call,863.8932913,0,-1,1,1, got allocated to elevator, 1
866.0,Elev,1,  arrived at src, 6, Elevator call,854.2002278,6,-1,2,1
866.0, elevID,1,  pos,6,  cmd, goto,2
871.0,Elevator call,870.5053024,0,7,1,1, got allocated to elevator, 1
878.0,Elev,1,  arrived at src, 2, Elevator call,810.4469089,2,0,2,1
878.0, elevID,1,  pos,2,  cmd, goto,0
887.0,Elevator call,886.5649993,-1,-2,1,1, got allocated to elevator, 1
889.0,Elev,1,  arrived at dest, 0, this call is done!, Elevator call,722.6161213,10,0,3,1, Done, dt, 166.38387869999997
889.0,Elev,1,  arrived at dest, 0, this call is done!, Elevator call,737.3147202,1,0,3,1, Done, dt, 151.6852798
889.0,Elev,1,  arrived at dest, 0, this call is done!, Elevator call,810.4469089,2,0,3,1, Done, dt, 78.55309109999996
889.0,Elev,1,  arrived at dest, 0, this call is done!, Elevator call,825.4575185,7,0,3,1, Done, dt, 63.54248150000001
889.0,Elev,1,  arrived at src, 0, Elevator call,839.8525653,0,1,2,1
889.0,Elev,1,  arrived at src, 0, Elevator call,863.8932913,0,-1,2,1
889.0,Elev,1,  arrived at src, 0, Elevator call,870.5053024,0,7,2,1
889.0, elevID,1,  pos,0,  cmd, goto,-1
893.0,Elevator call,892.5212151,9,-1,1,1, got allocated to elevator, 1
900.0,Elev,1,  arrived at dest, -1, this call is done!, Elevator call,713.2499766,10,-1,3,1, Done, dt, 186.75002340000003
900.0,Elev,1,  arrived at dest, -1, this call is done!, Elevator call,732.9746341,6,-1,3,1, Done, dt, 167.0253659
900.0,Elev,1,  arrived at src, -1, Elevator call,779.3996914,-1,5,2,1
900.0,Elev,1,  arrived at src, -1, Elevator call,805.6754743,-1,-2,2,1
900.0,Elev,1,  arrived at dest, -1, this call is done!, Elevator call,816.1516998,7,-1,3,1, Done, dt, 83.84830020000004
900.0,Elev,1,  arrived at dest, -1, this call is done!, Elevator call,854.2002278,6,-1,3,1, Done, dt, 45.79977220000001
900.0,Elev,1,  arrived at dest, -1, this call is done!, Elevator call,863.8932913,0,-1,3,1, Done, dt, 36.10670870000001
900.0,Elev,1,  arrived at src, -1, Elevator call,886.5649993,-1,-2,2,1
900.0, elevID,1,  pos,-1,  cmd, goto,-2
911.0,Elevator call,910.5388559,6,5,1,1, got allocated to elevator, 1
911.0,Elev,1,  arrived at dest, -2, this call is done!, Elevator call,805.6754743,-1,-2,3,1, Done, dt, 105.32452569999998
911.0,Elev,1,  arrived at dest, -2, this call is done!, Elevator call,886.5649993,-1,-2,3,1, Done, dt, 24.435000700000046
911.0, elevID,1,  pos,-2,  cmd, goto,1
916.0,Elevator call,915.9490575,4,-1,1,1, got allocated to elevator, 1
923.0,Elev,1,  arrived at dest, 1, this call is done!, Elevator call,839.8525653,0,1,3,1, Done, dt, 83.14743469999996
923.0, elevID,1,  pos,1,  cmd, goto,4
934.0,Elevator call,933.8580452,7,5,1,1, got allocated to elevator, 1
935.0,Elev,1,  arrived at src, 4, Elevator call,915.9490575,4,-1,2,1
935.0, elevID,1,  pos,4,  cmd, goto,5
946.0,Elev,1,  arrived at dest, 5, this call is done!, Elevator call,779.3996914,-1,5,3,1, Done, dt, 166.60030859999995
946.0, elevID,1,  pos,5,  cmd, goto,6
957.0,Elev,1,  arrived at src, 6, Elevator call,910.5388559,6,5,2,1
957.0, elevID,1,  pos,6,  cmd, goto,7
962.0,Elevator call,961.6862856,6,-1,1,1, got allocated to elevator, 1
962.0, elevID,1,  pos,6,  cmd, stop,6
967.0,Elev,1,  arrived at src, 6, Elevator call,961.6862856,6,-1,2,1
967.0, elevID,1,  pos,6,  cmd, goto,7
973.0,Elevator call,972.8032126,1,0,1,1, got allocated to elevator, 1
976.0,Elevator call,975.8361203,0,-1,1,1, got allocated to elevator, 1
978.0,Elev,1,  arrived at dest, 7, this call is done!, Elevator call,870.5053024,0,7,3,1, Done, dt, 107.4946976
978.0,Elev,1,  arrived at src, 7, Elevator call,933.8580452,7,5,2,1
978.0, elevID,1,  pos,7,  cmd, goto,9
979.0,Elevator call,978.5925149,10,0,1,1, got allocated to elevator, 1
979.0,Elevator call,978.6210501,10,-1,1,1, got allocated to elevator, 1
985.0,Elevator call,984.1840186,7,0,1,1, got allocated to elevator, 1
989.0,Elev,1,  arrived at src, 9, Elevator call,892.5212151,9,-1,2,1
989.0, elevID,1,  pos,9,  cmd, goto,10
1000.0,Elev,1,  arrived at src, 10, Elevator call,978.5925149,10,0,2,1
1000.0,Elev,1,  arrived at src, 10, Elevator call,978.6210501,10,-1,2,1
1000.0, elevID,1,  pos,10,  cmd, goto,7
1012.0,Elev,1,  arrived at src, 7, Elevator call,984.1840186,7,0,2,1
1012.0, elevID,1,  pos,7,  cmd, goto,5
1023.0,Elev,1,  arrived at dest, 5, this call is done!, Elevator call,910.5388559,6,5,3,1, Done, dt, 112.46114409999996
1023.0,Elev,1,  arrived at dest, 5, this call is done!, Elevator call,933.8580452,7,5,3,1, Done, dt, 89.14195480000001
1023.0, elevID,1,  pos,5,  cmd, goto,1
1035.0,Elev,1,  arrived at src, 1, Elevator call,972.8032126,1,0,2,1
1035.0, elevID,1,  pos,1,  cmd, goto,0
1046.0,Elev,1,  arrived at dest, 0, this call is done!, Elevator call,972.8032126,1,0,3,1, Done, dt, 73.19678739999995
1046.0,Elev,1,  arrived at src, 0, Elevator call,975.8361203,0,-1,2,1
1046.0,Elev,1,  arrived at dest, 0, this call is done!, Elevator call,978.5925149,10,0,3,1, Done, dt, 67.40748510000003
1046.0,Elev,1,  arrived at dest, 0, this call is done!, Elevator call,984.1840186,7,0,3,1, Done, dt, 61.815981400000055
1046.0, elevID,1,  pos,0,  cmd, goto,-1
1057.0,Elev,1,  arrived at dest, -1, this call is done!, Elevator call,892.5212151,9,-1,3,1, Done, dt, 164.47878490000005
1057.0,Elev,1,  arrived at dest, -1, this call is done!, Elevator call,915.9490575,4,-1,3,1, Done, dt, 141.05094250000002
1057.0,Elev,1,  arrived at dest, -1, this call is done!, Elevator call,961.6862856,6,-1,3,1, Done, dt, 95.31371439999998
1057.0,Elev,1,  arrived at dest, -1, this call is done!, Elevator call,975.8361203,0,-1,3,1, Done, dt, 81.16387970000005
1057.0,Elev,1,  arrived at dest, -1, this call is done!, Elevator call,978.6210501,10,-1,3,1, Done, dt, 78.37894989999995
1058.0,************* Simulation Ended ************
Code Owners,207689621,209876879,  Building_file,data/Ex1_input/Ex1_buildings/B2.json,  Calls,out/output_B2_a.csv
Total waiting time: 9242.0,  average waiting time per call: 92.42,  unCompleted calls,0,  certificate, -363008467
